〜〜〜〜〜〜〜〜〜〜〜〜〜〜〜〜〜〜_X( 0)_〜〜〜〜〜〜〜〜〜
〜〜〜〜〜〜〜〜〜〜〜〜〜〜〜〜〜〜.......〜〜〜〜〜〜〜〜〜

1) Add Default Boat
2) Update One Tick
3) Update X Ticks
4) Show Section Details
5) Add Boat
6) Make Tester
7) Make New Simulator
0) Quit

Choice:> What engine power:> What travel method. (1) Steady or (2) Max :> ⛴〜〜〜〜〜〜〜〜〜〜〜〜〜〜〜〜〜_X( 0)_〜〜〜〜〜〜〜〜〜
24〜〜〜〜〜〜〜〜〜〜〜〜〜〜〜〜.......〜〜〜〜〜〜〜〜〜

1) Add Default Boat
2) Update One Tick
3) Update X Ticks
4) Show Section Details
5) Add Boat
6) Make Tester
7) Make New Simulator
0) Quit

Choice:> How many updates:> 〜〜〜⛴〜〜〜〜〜〜〜〜〜〜〜〜〜〜_X( 0)_〜〜〜〜〜〜〜〜〜
〜〜〜24〜〜〜〜〜〜〜〜〜〜〜〜〜.......〜〜〜〜〜〜〜〜〜
〜〜〜〜〜〜⛴〜〜〜〜〜〜〜〜〜〜〜_X( 0)_〜〜〜〜〜〜〜〜〜
〜〜〜〜〜〜24〜〜〜〜〜〜〜〜〜〜.......〜〜〜〜〜〜〜〜〜
〜〜〜〜〜〜〜〜〜⛴〜〜〜〜〜〜〜〜_X( 0)_〜〜〜〜〜〜〜〜〜
〜〜〜〜〜〜〜〜〜24〜〜〜〜〜〜〜.......〜〜〜〜〜〜〜〜〜
〜〜〜〜〜〜〜〜〜〜〜〜⛴〜〜〜〜〜_X( 0)_〜〜〜〜〜〜〜〜〜
〜〜〜〜〜〜〜〜〜〜〜〜24〜〜〜〜.......〜〜〜〜〜〜〜〜〜
〜〜〜〜〜〜〜〜〜〜〜〜〜〜〜⛴〜〜_X( 0)_〜〜〜〜〜〜〜〜〜
〜〜〜〜〜〜〜〜〜〜〜〜〜〜〜24〜.......〜〜〜〜〜〜〜〜〜
〜〜〜〜〜〜〜〜〜〜〜〜〜〜〜〜〜〜_⛴( 0)_〜〜〜〜〜〜〜〜〜
〜〜〜〜〜〜〜〜〜〜〜〜〜〜〜〜〜〜24.....〜〜〜〜〜〜〜〜〜
〜〜〜〜〜〜〜〜〜〜〜〜〜〜〜〜〜〜_X( 0)_⛴〜〜〜〜〜〜〜〜
〜〜〜〜〜〜〜〜〜〜〜〜〜〜〜〜〜〜.......24〜〜〜〜〜〜〜
〜〜〜〜〜〜〜〜〜〜〜〜〜〜〜〜〜〜_X( 0)_〜〜〜⛴〜〜〜〜〜
〜〜〜〜〜〜〜〜〜〜〜〜〜〜〜〜〜〜.......〜〜〜24〜〜〜〜
〜〜〜〜〜〜〜〜〜〜〜〜〜〜〜〜〜〜_X( 0)_〜〜〜〜〜〜⛴〜〜
〜〜〜〜〜〜〜〜〜〜〜〜〜〜〜〜〜〜.......〜〜〜〜〜〜24〜
〜〜〜〜〜〜〜〜〜〜〜〜〜〜〜〜〜〜_X( 0)_〜〜〜〜〜〜〜〜〜
〜〜〜〜〜〜〜〜〜〜〜〜〜〜〜〜〜〜.......〜〜〜〜〜〜〜〜〜

1) Add Default Boat
2) Update One Tick
3) Update X Ticks
4) Show Section Details
5) Add Boat
6) Make Tester
7) Make New Simulator
0) Quit

Choice:> What engine power:> What travel method. (1) Steady or (2) Max :> ⛴〜〜〜〜〜〜〜〜〜〜〜〜〜〜〜〜〜_X( 0)_〜〜〜〜〜〜〜〜〜
24〜〜〜〜〜〜〜〜〜〜〜〜〜〜〜〜.......〜〜〜〜〜〜〜〜〜

1) Add Default Boat
2) Update One Tick
3) Update X Ticks
4) Show Section Details
5) Add Boat
6) Make Tester
7) Make New Simulator
0) Quit

Choice:> How many updates:> 〜〜〜⛴〜〜〜〜〜〜〜〜〜〜〜〜〜〜_X( 0)_〜〜〜〜〜〜〜〜〜
〜〜〜24〜〜〜〜〜〜〜〜〜〜〜〜〜.......〜〜〜〜〜〜〜〜〜
〜〜〜〜〜〜⛴〜〜〜〜〜〜〜〜〜〜〜_X( 0)_〜〜〜〜〜〜〜〜〜
〜〜〜〜〜〜24〜〜〜〜〜〜〜〜〜〜.......〜〜〜〜〜〜〜〜〜
〜〜〜〜〜〜〜〜〜⛴〜〜〜〜〜〜〜〜_X( 0)_〜〜〜〜〜〜〜〜〜
〜〜〜〜〜〜〜〜〜24〜〜〜〜〜〜〜.......〜〜〜〜〜〜〜〜〜
〜〜〜〜〜〜〜〜〜〜〜〜⛴〜〜〜〜〜_X( 0)_〜〜〜〜〜〜〜〜〜
〜〜〜〜〜〜〜〜〜〜〜〜24〜〜〜〜.......〜〜〜〜〜〜〜〜〜
〜〜〜〜〜〜〜〜〜〜〜〜〜〜〜⛴〜〜_X( 0)_〜〜〜〜〜〜〜〜〜
〜〜〜〜〜〜〜〜〜〜〜〜〜〜〜24〜.......〜〜〜〜〜〜〜〜〜
〜〜〜〜〜〜〜〜〜〜〜〜〜〜〜〜〜〜_⛴( 0)_〜〜〜〜〜〜〜〜〜
〜〜〜〜〜〜〜〜〜〜〜〜〜〜〜〜〜〜24.....〜〜〜〜〜〜〜〜〜
〜〜〜〜〜〜〜〜〜〜〜〜〜〜〜〜〜〜_X( 0)_⛴〜〜〜〜〜〜〜〜
〜〜〜〜〜〜〜〜〜〜〜〜〜〜〜〜〜〜.......24〜〜〜〜〜〜〜
〜〜〜〜〜〜〜〜〜〜〜〜〜〜〜〜〜〜_X( 0)_〜〜〜⛴〜〜〜〜〜
〜〜〜〜〜〜〜〜〜〜〜〜〜〜〜〜〜〜.......〜〜〜24〜〜〜〜
〜〜〜〜〜〜〜〜〜〜〜〜〜〜〜〜〜〜_X( 0)_〜〜〜〜〜〜⛴〜〜
〜〜〜〜〜〜〜〜〜〜〜〜〜〜〜〜〜〜.......〜〜〜〜〜〜24〜
〜〜〜〜〜〜〜〜〜〜〜〜〜〜〜〜〜〜_X( 0)_〜〜〜〜〜〜〜〜〜
〜〜〜〜〜〜〜〜〜〜〜〜〜〜〜〜〜〜.......〜〜〜〜〜〜〜〜〜

1) Add Default Boat
2) Update One Tick
3) Update X Ticks
4) Show Section Details
5) Add Boat
6) Make Tester
7) Make New Simulator
0) Quit

Choice:> What engine power:> What travel method. (1) Steady or (2) Max :> ⛴〜〜〜〜〜〜〜〜〜〜〜〜〜〜〜〜〜_X( 0)_〜〜〜〜〜〜〜〜〜
24〜〜〜〜〜〜〜〜〜〜〜〜〜〜〜〜.......〜〜〜〜〜〜〜〜〜

1) Add Default Boat
2) Update One Tick
3) Update X Ticks
4) Show Section Details
5) Add Boat
6) Make Tester
7) Make New Simulator
0) Quit

Choice:> How many updates:> 〜〜〜〜〜〜⛴〜〜〜〜〜〜〜〜〜〜〜_X( 0)_〜〜〜〜〜〜〜〜〜
〜〜〜〜〜〜24〜〜〜〜〜〜〜〜〜〜.......〜〜〜〜〜〜〜〜〜
〜〜〜〜〜〜〜〜〜〜〜〜⛴〜〜〜〜〜_X( 0)_〜〜〜〜〜〜〜〜〜
〜〜〜〜〜〜〜〜〜〜〜〜24〜〜〜〜.......〜〜〜〜〜〜〜〜〜
〜〜〜〜〜〜〜〜〜〜〜〜〜〜〜〜〜〜_⛴( 0)_〜〜〜〜〜〜〜〜〜
〜〜〜〜〜〜〜〜〜〜〜〜〜〜〜〜〜〜24.....〜〜〜〜〜〜〜〜〜
〜〜〜〜〜〜〜〜〜〜〜〜〜〜〜〜〜〜_X( 0)_⛴〜〜〜〜〜〜〜〜
〜〜〜〜〜〜〜〜〜〜〜〜〜〜〜〜〜〜.......24〜〜〜〜〜〜〜
〜〜〜〜〜〜〜〜〜〜〜〜〜〜〜〜〜〜_X( 0)_〜〜〜⛴〜〜〜〜〜
〜〜〜〜〜〜〜〜〜〜〜〜〜〜〜〜〜〜.......〜〜〜24〜〜〜〜
〜〜〜〜〜〜〜〜〜〜〜〜〜〜〜〜〜〜_X( 0)_〜〜〜〜〜〜⛴〜〜
〜〜〜〜〜〜〜〜〜〜〜〜〜〜〜〜〜〜.......〜〜〜〜〜〜24〜
〜〜〜〜〜〜〜〜〜〜〜〜〜〜〜〜〜〜_X( 0)_〜〜〜〜〜〜〜〜〜
〜〜〜〜〜〜〜〜〜〜〜〜〜〜〜〜〜〜.......〜〜〜〜〜〜〜〜〜
〜〜〜〜〜〜〜〜〜〜〜〜〜〜〜〜〜〜_X( 0)_〜〜〜〜〜〜〜〜〜
〜〜〜〜〜〜〜〜〜〜〜〜〜〜〜〜〜〜.......〜〜〜〜〜〜〜〜〜

1) Add Default Boat
2) Update One Tick
3) Update X Ticks
4) Show Section Details
5) Add Boat
6) Make Tester
7) Make New Simulator
0) Quit

Choice:> What engine power:> What travel method. (1) Steady or (2) Max :> ⛴〜〜〜〜〜〜〜〜〜〜〜〜〜〜〜〜〜_X( 0)_〜〜〜〜〜〜〜〜〜
24〜〜〜〜〜〜〜〜〜〜〜〜〜〜〜〜.......〜〜〜〜〜〜〜〜〜

1) Add Default Boat
2) Update One Tick
3) Update X Ticks
4) Show Section Details
5) Add Boat
6) Make Tester
7) Make New Simulator
0) Quit

Choice:> How many updates:> 〜〜〜〜〜〜〜〜〜⛴〜〜〜〜〜〜〜〜_X( 0)_〜〜〜〜〜〜〜〜〜
〜〜〜〜〜〜〜〜〜24〜〜〜〜〜〜〜.......〜〜〜〜〜〜〜〜〜
〜〜〜〜〜〜〜〜〜〜〜〜〜〜〜〜〜〜_⛴( 0)_〜〜〜〜〜〜〜〜〜
〜〜〜〜〜〜〜〜〜〜〜〜〜〜〜〜〜〜24.....〜〜〜〜〜〜〜〜〜
〜〜〜〜〜〜〜〜〜〜〜〜〜〜〜〜〜〜_X( 0)_⛴〜〜〜〜〜〜〜〜
〜〜〜〜〜〜〜〜〜〜〜〜〜〜〜〜〜〜.......24〜〜〜〜〜〜〜
〜〜〜〜〜〜〜〜〜〜〜〜〜〜〜〜〜〜_X( 0)_〜〜〜〜〜〜⛴〜〜
〜〜〜〜〜〜〜〜〜〜〜〜〜〜〜〜〜〜.......〜〜〜〜〜〜24〜
〜〜〜〜〜〜〜〜〜〜〜〜〜〜〜〜〜〜_X( 0)_〜〜〜〜〜〜〜〜〜
〜〜〜〜〜〜〜〜〜〜〜〜〜〜〜〜〜〜.......〜〜〜〜〜〜〜〜〜
〜〜〜〜〜〜〜〜〜〜〜〜〜〜〜〜〜〜_X( 0)_〜〜〜〜〜〜〜〜〜
〜〜〜〜〜〜〜〜〜〜〜〜〜〜〜〜〜〜.......〜〜〜〜〜〜〜〜〜

1) Add Default Boat
2) Update One Tick
3) Update X Ticks
4) Show Section Details
5) Add Boat
6) Make Tester
7) Make New Simulator
0) Quit

Choice:> ⛴〜〜〜〜〜〜〜〜〜〜〜〜〜〜〜〜〜_X( 0)_〜〜〜〜〜〜〜〜〜
24〜〜〜〜〜〜〜〜〜〜〜〜〜〜〜〜.......〜〜〜〜〜〜〜〜〜

1) Add Default Boat
2) Update One Tick
3) Update X Ticks
4) Show Section Details
5) Add Boat
6) Make Tester
7) Make New Simulator
0) Quit

Choice:> How many updates:> 〜〜〜⛴〜〜〜〜〜〜〜〜〜〜〜〜〜〜_X( 0)_〜〜〜〜〜〜〜〜〜
〜〜〜24〜〜〜〜〜〜〜〜〜〜〜〜〜.......〜〜〜〜〜〜〜〜〜
〜〜〜〜〜〜⛴〜〜〜〜〜〜〜〜〜〜〜_X( 0)_〜〜〜〜〜〜〜〜〜
〜〜〜〜〜〜24〜〜〜〜〜〜〜〜〜〜.......〜〜〜〜〜〜〜〜〜
〜〜〜〜〜〜〜〜〜⛴〜〜〜〜〜〜〜〜_X( 0)_〜〜〜〜〜〜〜〜〜
〜〜〜〜〜〜〜〜〜24〜〜〜〜〜〜〜.......〜〜〜〜〜〜〜〜〜

1) Add Default Boat
2) Update One Tick
3) Update X Ticks
4) Show Section Details
5) Add Boat
6) Make Tester
7) Make New Simulator
0) Quit

Choice:> What engine power:> What travel method. (1) Steady or (2) Max :> ⛴〜〜〜〜〜〜〜〜⛴〜〜〜〜〜〜〜〜_X( 0)_〜〜〜〜〜〜〜〜〜
25〜〜〜〜〜〜〜24〜〜〜〜〜〜〜.......〜〜〜〜〜〜〜〜〜

1) Add Default Boat
2) Update One Tick
3) Update X Ticks
4) Show Section Details
5) Add Boat
6) Make Tester
7) Make New Simulator
0) Quit

Choice:> How many updates:> 〜〜〜〜〜〜〜〜〜⛴〜〜〜〜〜⛴〜〜_X( 0)_〜〜〜〜〜〜〜〜〜
〜〜〜〜〜〜〜〜〜25〜〜〜〜24〜.......〜〜〜〜〜〜〜〜〜
〜〜〜〜〜〜〜〜〜〜〜〜〜〜〜⛴〜〜_⛴( 0)_〜〜〜〜〜〜〜〜〜
〜〜〜〜〜〜〜〜〜〜〜〜〜〜〜25〜24.....〜〜〜〜〜〜〜〜〜
〜〜〜〜〜〜〜〜〜〜〜〜〜〜〜〜〜〜_⛴( 0)_⛴〜〜〜〜〜〜〜〜
〜〜〜〜〜〜〜〜〜〜〜〜〜〜〜〜〜〜25.....24〜〜〜〜〜〜〜
〜〜〜〜〜〜〜〜〜〜〜〜〜〜〜〜〜〜_X( 0)_⛴〜〜⛴〜〜〜〜〜
〜〜〜〜〜〜〜〜〜〜〜〜〜〜〜〜〜〜.......25〜24〜〜〜〜
〜〜〜〜〜〜〜〜〜〜〜〜〜〜〜〜〜〜_X( 0)_〜〜〜⛴〜〜〜〜〜
〜〜〜〜〜〜〜〜〜〜〜〜〜〜〜〜〜〜.......〜〜〜25〜〜〜〜
〜〜〜〜〜〜〜〜〜〜〜〜〜〜〜〜〜〜_X( 0)_〜〜〜〜〜〜〜〜〜
〜〜〜〜〜〜〜〜〜〜〜〜〜〜〜〜〜〜.......〜〜〜〜〜〜〜〜〜
〜〜〜〜〜〜〜〜〜〜〜〜〜〜〜〜〜〜_X( 0)_〜〜〜〜〜〜〜〜〜
〜〜〜〜〜〜〜〜〜〜〜〜〜〜〜〜〜〜.......〜〜〜〜〜〜〜〜〜
〜〜〜〜〜〜〜〜〜〜〜〜〜〜〜〜〜〜_X( 0)_〜〜〜〜〜〜〜〜〜
〜〜〜〜〜〜〜〜〜〜〜〜〜〜〜〜〜〜.......〜〜〜〜〜〜〜〜〜

1) Add Default Boat
2) Update One Tick
3) Update X Ticks
4) Show Section Details
5) Add Boat
6) Make Tester
7) Make New Simulator
0) Quit

Choice:> 